<?xml version="1.0" encoding="UTF-8"?>
<!-- Generated by org.testng.reporters.JUnitXMLReporter -->
<testsuite ignored="0" hostname="DESKTOP-6Q8DMEP" failures="0" tests="4" name="Test" time="3.37" errors="0" timestamp="2024-08-09T10:54:18 IST">
  <testcase classname="com.Amazokart.logintest.LoginTest" name="login_invalidData" time="0.011"/>
  <testcase classname="com.Amazokart.logintest.LoginTest" name="login_validData" time="0.005"/>
  <testcase classname="com.Amazokart.logintest.LoginTest" name="login_validData" time="0.004"/>
  <testcase classname="com.Amazokart.logintest.LoginTest" name="login_validData" time="0.001"/>
</testsuite> <!-- Test -->
